<?xml version="1.0" encoding="UTF-8"?>
<!-- Generated by org.testng.reporters.JUnitReportReporter -->
<testsuite skipped="0" hostname="Sawan" name="BatchFile.RunBtachFile" tests="1" failures="0" timestamp="2020-09-11T11:49:36 IST" time="18.017" errors="0">
  <testcase name="browserLaunch" time="18.017" classname="BatchFile.RunBtachFile"/>
  <system-out/>
</testsuite> <!-- BatchFile.RunBtachFile -->
